{"/Users/ilbumi/Documents/projects/timemd/frontend/src/lib/api.ts": {"path":"/Users/ilbumi/Documents/projects/timemd/frontend/src/lib/api.ts","statementMap":{"0":{"start":{"line":159,"column":2},"end":{"line":159,"column":null}},"1":{"start":{"line":160,"column":2},"end":{"line":160,"column":null}},"2":{"start":{"line":161,"column":2},"end":{"line":161,"column":null}},"3":{"start":{"line":171,"column":1},"end":{"line":181,"column":null}},"4":{"start":{"line":172,"column":2},"end":{"line":176,"column":null}},"5":{"start":{"line":180,"column":2},"end":{"line":180,"column":null}},"6":{"start":{"line":183,"column":1},"end":{"line":185,"column":null}},"7":{"start":{"line":184,"column":2},"end":{"line":184,"column":null}},"8":{"start":{"line":188,"column":18},"end":{"line":188,"column":null}},"9":{"start":{"line":188,"column":52},"end":{"line":188,"column":56}},"10":{"start":{"line":190,"column":1},"end":{"line":193,"column":null}},"11":{"start":{"line":191,"column":18},"end":{"line":191,"column":null}},"12":{"start":{"line":192,"column":2},"end":{"line":192,"column":null}},"13":{"start":{"line":195,"column":1},"end":{"line":195,"column":null}},"14":{"start":{"line":198,"column":19},"end":{"line":269,"column":null}},"15":{"start":{"line":199,"column":41},"end":{"line":199,"column":null}},"16":{"start":{"line":202,"column":21},"end":{"line":205,"column":null}},"17":{"start":{"line":204,"column":16},"end":{"line":204,"column":null}},"18":{"start":{"line":208,"column":2},"end":{"line":208,"column":null}},"19":{"start":{"line":211,"column":2},"end":{"line":211,"column":null}},"20":{"start":{"line":214,"column":2},"end":{"line":214,"column":null}},"21":{"start":{"line":217,"column":2},"end":{"line":217,"column":null}},"22":{"start":{"line":219,"column":39},"end":{"line":219,"column":null}},"23":{"start":{"line":222,"column":2},"end":{"line":222,"column":null}},"24":{"start":{"line":224,"column":41},"end":{"line":224,"column":null}},"25":{"start":{"line":226,"column":43},"end":{"line":226,"column":null}},"26":{"start":{"line":228,"column":46},"end":{"line":228,"column":null}},"27":{"start":{"line":231,"column":2},"end":{"line":231,"column":null}},"28":{"start":{"line":234,"column":2},"end":{"line":234,"column":null}},"29":{"start":{"line":237,"column":2},"end":{"line":237,"column":null}},"30":{"start":{"line":240,"column":2},"end":{"line":240,"column":null}},"31":{"start":{"line":243,"column":2},"end":{"line":243,"column":null}},"32":{"start":{"line":246,"column":2},"end":{"line":246,"column":null}},"33":{"start":{"line":249,"column":2},"end":{"line":249,"column":null}},"34":{"start":{"line":252,"column":2},"end":{"line":252,"column":null}},"35":{"start":{"line":254,"column":49},"end":{"line":254,"column":null}},"36":{"start":{"line":257,"column":2},"end":{"line":257,"column":null}},"37":{"start":{"line":260,"column":2},"end":{"line":260,"column":null}},"38":{"start":{"line":262,"column":34},"end":{"line":262,"column":null}},"39":{"start":{"line":265,"column":2},"end":{"line":265,"column":null}},"40":{"start":{"line":268,"column":2},"end":{"line":268,"column":null}}},"fnMap":{"0":{"name":"constructor","decl":{"start":{"line":158,"column":1},"end":{"line":158,"column":13}},"loc":{"start":{"line":158,"column":46},"end":{"line":162,"column":null}},"line":158},"1":{"name":"request","decl":{"start":{"line":169,"column":15},"end":{"line":169,"column":26}},"loc":{"start":{"line":169,"column":86},"end":{"line":196,"column":null}},"line":169},"2":{"name":"(anonymous_2)","decl":{"start":{"line":188,"column":40},"end":{"line":188,"column":52}},"loc":{"start":{"line":188,"column":52},"end":{"line":188,"column":56}},"line":188},"3":{"name":"(anonymous_3)","decl":{"start":{"line":199,"column":1},"end":{"line":199,"column":41}},"loc":{"start":{"line":199,"column":41},"end":{"line":199,"column":null}},"line":199},"4":{"name":"(anonymous_4)","decl":{"start":{"line":202,"column":21},"end":{"line":202,"column":null}},"loc":{"start":{"line":202,"column":21},"end":{"line":205,"column":null}},"line":202},"5":{"name":"(anonymous_5)","decl":{"start":{"line":203,"column":53},"end":{"line":203,"column":null}},"loc":{"start":{"line":204,"column":16},"end":{"line":204,"column":null}},"line":204},"6":{"name":"(anonymous_6)","decl":{"start":{"line":207,"column":1},"end":{"line":207,"column":17}},"loc":{"start":{"line":208,"column":2},"end":{"line":208,"column":null}},"line":208},"7":{"name":"(anonymous_7)","decl":{"start":{"line":210,"column":1},"end":{"line":210,"column":15}},"loc":{"start":{"line":211,"column":2},"end":{"line":211,"column":null}},"line":211},"8":{"name":"(anonymous_8)","decl":{"start":{"line":213,"column":1},"end":{"line":213,"column":17}},"loc":{"start":{"line":214,"column":2},"end":{"line":214,"column":null}},"line":214},"9":{"name":"(anonymous_9)","decl":{"start":{"line":216,"column":1},"end":{"line":216,"column":17}},"loc":{"start":{"line":217,"column":2},"end":{"line":217,"column":null}},"line":217},"10":{"name":"(anonymous_10)","decl":{"start":{"line":219,"column":1},"end":{"line":219,"column":39}},"loc":{"start":{"line":219,"column":39},"end":{"line":219,"column":null}},"line":219},"11":{"name":"(anonymous_11)","decl":{"start":{"line":221,"column":1},"end":{"line":221,"column":16}},"loc":{"start":{"line":222,"column":2},"end":{"line":222,"column":null}},"line":222},"12":{"name":"(anonymous_12)","decl":{"start":{"line":224,"column":1},"end":{"line":224,"column":41}},"loc":{"start":{"line":224,"column":41},"end":{"line":224,"column":null}},"line":224},"13":{"name":"(anonymous_13)","decl":{"start":{"line":226,"column":1},"end":{"line":226,"column":43}},"loc":{"start":{"line":226,"column":43},"end":{"line":226,"column":null}},"line":226},"14":{"name":"(anonymous_14)","decl":{"start":{"line":228,"column":1},"end":{"line":228,"column":11}},"loc":{"start":{"line":228,"column":46},"end":{"line":228,"column":null}},"line":228},"15":{"name":"(anonymous_15)","decl":{"start":{"line":230,"column":1},"end":{"line":230,"column":14}},"loc":{"start":{"line":231,"column":2},"end":{"line":231,"column":null}},"line":231},"16":{"name":"(anonymous_16)","decl":{"start":{"line":233,"column":1},"end":{"line":233,"column":17}},"loc":{"start":{"line":234,"column":2},"end":{"line":234,"column":null}},"line":234},"17":{"name":"(anonymous_17)","decl":{"start":{"line":236,"column":1},"end":{"line":236,"column":17}},"loc":{"start":{"line":237,"column":2},"end":{"line":237,"column":null}},"line":237},"18":{"name":"(anonymous_18)","decl":{"start":{"line":239,"column":1},"end":{"line":239,"column":12}},"loc":{"start":{"line":240,"column":2},"end":{"line":240,"column":null}},"line":240},"19":{"name":"(anonymous_19)","decl":{"start":{"line":242,"column":1},"end":{"line":242,"column":15}},"loc":{"start":{"line":243,"column":2},"end":{"line":243,"column":null}},"line":243},"20":{"name":"(anonymous_20)","decl":{"start":{"line":245,"column":1},"end":{"line":245,"column":13}},"loc":{"start":{"line":246,"column":2},"end":{"line":246,"column":null}},"line":246},"21":{"name":"(anonymous_21)","decl":{"start":{"line":248,"column":1},"end":{"line":248,"column":15}},"loc":{"start":{"line":249,"column":2},"end":{"line":249,"column":null}},"line":249},"22":{"name":"(anonymous_22)","decl":{"start":{"line":251,"column":1},"end":{"line":251,"column":16}},"loc":{"start":{"line":252,"column":2},"end":{"line":252,"column":null}},"line":252},"23":{"name":"(anonymous_23)","decl":{"start":{"line":254,"column":1},"end":{"line":254,"column":49}},"loc":{"start":{"line":254,"column":49},"end":{"line":254,"column":null}},"line":254},"24":{"name":"(anonymous_24)","decl":{"start":{"line":256,"column":1},"end":{"line":256,"column":18}},"loc":{"start":{"line":257,"column":2},"end":{"line":257,"column":null}},"line":257},"25":{"name":"(anonymous_25)","decl":{"start":{"line":259,"column":1},"end":{"line":259,"column":14}},"loc":{"start":{"line":260,"column":2},"end":{"line":260,"column":null}},"line":260},"26":{"name":"(anonymous_26)","decl":{"start":{"line":262,"column":1},"end":{"line":262,"column":34}},"loc":{"start":{"line":262,"column":34},"end":{"line":262,"column":null}},"line":262},"27":{"name":"(anonymous_27)","decl":{"start":{"line":264,"column":1},"end":{"line":264,"column":17}},"loc":{"start":{"line":265,"column":2},"end":{"line":265,"column":null}},"line":265},"28":{"name":"(anonymous_28)","decl":{"start":{"line":267,"column":1},"end":{"line":267,"column":19}},"loc":{"start":{"line":268,"column":2},"end":{"line":268,"column":null}},"line":268}},"branchMap":{"0":{"loc":{"start":{"line":174,"column":12},"end":{"line":174,"column":null}},"type":"cond-expr","locations":[{"start":{"line":174,"column":33},"end":{"line":174,"column":45}},{"start":{"line":174,"column":45},"end":{"line":174,"column":null}}],"line":174},"1":{"loc":{"start":{"line":175,"column":9},"end":{"line":175,"column":null}},"type":"cond-expr","locations":[{"start":{"line":175,"column":30},"end":{"line":175,"column":42}},{"start":{"line":175,"column":42},"end":{"line":175,"column":null}}],"line":175},"2":{"loc":{"start":{"line":183,"column":1},"end":{"line":185,"column":null}},"type":"if","locations":[{"start":{"line":183,"column":1},"end":{"line":185,"column":null}},{"start":{},"end":{}}],"line":183},"3":{"loc":{"start":{"line":190,"column":1},"end":{"line":193,"column":null}},"type":"if","locations":[{"start":{"line":190,"column":1},"end":{"line":193,"column":null}},{"start":{},"end":{}}],"line":190},"4":{"loc":{"start":{"line":191,"column":18},"end":{"line":191,"column":null}},"type":"binary-expr","locations":[{"start":{"line":191,"column":18},"end":{"line":191,"column":36}},{"start":{"line":191,"column":36},"end":{"line":191,"column":null}}],"line":191}},"s":{"0":5,"1":5,"2":5,"3":28,"4":28,"5":1,"6":27,"7":8,"8":19,"9":0,"10":19,"11":2,"12":2,"13":17,"14":3,"15":3,"16":0,"17":0,"18":2,"19":1,"20":1,"21":1,"22":1,"23":1,"24":1,"25":1,"26":1,"27":1,"28":1,"29":1,"30":1,"31":1,"32":1,"33":1,"34":1,"35":1,"36":1,"37":1,"38":3,"39":1,"40":0},"f":{"0":5,"1":28,"2":0,"3":3,"4":0,"5":0,"6":2,"7":1,"8":1,"9":1,"10":1,"11":1,"12":1,"13":1,"14":1,"15":1,"16":1,"17":1,"18":1,"19":1,"20":1,"21":1,"22":1,"23":1,"24":1,"25":1,"26":3,"27":1,"28":0},"b":{"0":[16,12],"1":[16,12],"2":[8,19],"3":[2,17],"4":[2,1]},"meta":{"lastBranch":5,"lastFunction":29,"lastStatement":41,"seen":{"f:158:1:158:13":0,"s:159:2:159:Infinity":0,"s:160:2:160:Infinity":1,"s:161:2:161:Infinity":2,"f:169:15:169:26":1,"s:171:1:181:Infinity":3,"s:172:2:176:Infinity":4,"b:174:33:174:45:174:45:174:Infinity":0,"b:175:30:175:42:175:42:175:Infinity":1,"s:180:2:180:Infinity":5,"b:183:1:185:Infinity:undefined:undefined:undefined:undefined":2,"s:183:1:185:Infinity":6,"s:184:2:184:Infinity":7,"s:188:18:188:Infinity":8,"f:188:40:188:52":2,"s:188:52:188:56":9,"b:190:1:193:Infinity:undefined:undefined:undefined:undefined":3,"s:190:1:193:Infinity":10,"s:191:18:191:Infinity":11,"b:191:18:191:36:191:36:191:Infinity":4,"s:192:2:192:Infinity":12,"s:195:1:195:Infinity":13,"s:198:19:269:Infinity":14,"f:199:1:199:41":3,"s:199:41:199:Infinity":15,"f:202:21:202:Infinity":4,"s:202:21:205:Infinity":16,"f:203:53:203:Infinity":5,"s:204:16:204:Infinity":17,"f:207:1:207:17":6,"s:208:2:208:Infinity":18,"f:210:1:210:15":7,"s:211:2:211:Infinity":19,"f:213:1:213:17":8,"s:214:2:214:Infinity":20,"f:216:1:216:17":9,"s:217:2:217:Infinity":21,"f:219:1:219:39":10,"s:219:39:219:Infinity":22,"f:221:1:221:16":11,"s:222:2:222:Infinity":23,"f:224:1:224:41":12,"s:224:41:224:Infinity":24,"f:226:1:226:43":13,"s:226:43:226:Infinity":25,"f:228:1:228:11":14,"s:228:46:228:Infinity":26,"f:230:1:230:14":15,"s:231:2:231:Infinity":27,"f:233:1:233:17":16,"s:234:2:234:Infinity":28,"f:236:1:236:17":17,"s:237:2:237:Infinity":29,"f:239:1:239:12":18,"s:240:2:240:Infinity":30,"f:242:1:242:15":19,"s:243:2:243:Infinity":31,"f:245:1:245:13":20,"s:246:2:246:Infinity":32,"f:248:1:248:15":21,"s:249:2:249:Infinity":33,"f:251:1:251:16":22,"s:252:2:252:Infinity":34,"f:254:1:254:49":23,"s:254:49:254:Infinity":35,"f:256:1:256:18":24,"s:257:2:257:Infinity":36,"f:259:1:259:14":25,"s:260:2:260:Infinity":37,"f:262:1:262:34":26,"s:262:34:262:Infinity":38,"f:264:1:264:17":27,"s:265:2:265:Infinity":39,"f:267:1:267:19":28,"s:268:2:268:Infinity":40},"fnNames":{}}}
,"/Users/ilbumi/Documents/projects/timemd/frontend/src/lib/attempt.ts": {"path":"/Users/ilbumi/Documents/projects/timemd/frontend/src/lib/attempt.ts","statementMap":{"0":{"start":{"line":12,"column":1},"end":{"line":17,"column":null}},"1":{"start":{"line":13,"column":2},"end":{"line":13,"column":null}},"2":{"start":{"line":14,"column":2},"end":{"line":14,"column":null}},"3":{"start":{"line":16,"column":2},"end":{"line":16,"column":null}},"4":{"start":{"line":22,"column":1},"end":{"line":22,"column":null}}},"fnMap":{"0":{"name":"attempt","decl":{"start":{"line":11,"column":22},"end":{"line":11,"column":30}},"loc":{"start":{"line":11,"column":84},"end":{"line":18,"column":null}},"line":11},"1":{"name":"describe","decl":{"start":{"line":21,"column":16},"end":{"line":21,"column":25}},"loc":{"start":{"line":21,"column":51},"end":{"line":23,"column":null}},"line":21}},"branchMap":{"0":{"loc":{"start":{"line":22,"column":8},"end":{"line":22,"column":null}},"type":"cond-expr","locations":[{"start":{"line":22,"column":38},"end":{"line":22,"column":56}},{"start":{"line":22,"column":56},"end":{"line":22,"column":null}}],"line":22}},"s":{"0":3,"1":3,"2":1,"3":2,"4":5},"f":{"0":3,"1":5},"b":{"0":[2,3]},"meta":{"lastBranch":1,"lastFunction":2,"lastStatement":5,"seen":{"f:11:22:11:30":0,"s:12:1:17:Infinity":0,"s:13:2:13:Infinity":1,"s:14:2:14:Infinity":2,"s:16:2:16:Infinity":3,"f:21:16:21:25":1,"s:22:1:22:Infinity":4,"b:22:38:22:56:22:56:22:Infinity":0},"fnNames":{}}}
,"/Users/ilbumi/Documents/projects/timemd/frontend/src/lib/countdown.ts": {"path":"/Users/ilbumi/Documents/projects/timemd/frontend/src/lib/countdown.ts","statementMap":{"0":{"start":{"line":13,"column":35},"end":{"line":13,"column":null}},"1":{"start":{"line":22,"column":2},"end":{"line":23,"column":null}},"2":{"start":{"line":28,"column":2},"end":{"line":28,"column":null}},"3":{"start":{"line":28,"column":30},"end":{"line":28,"column":null}},"4":{"start":{"line":29,"column":2},"end":{"line":29,"column":null}},"5":{"start":{"line":33,"column":2},"end":{"line":33,"column":null}},"6":{"start":{"line":38,"column":2},"end":{"line":38,"column":null}},"7":{"start":{"line":44,"column":14},"end":{"line":44,"column":null}},"8":{"start":{"line":45,"column":15},"end":{"line":45,"column":null}},"9":{"start":{"line":46,"column":17},"end":{"line":46,"column":null}},"10":{"start":{"line":47,"column":17},"end":{"line":47,"column":null}},"11":{"start":{"line":49,"column":16},"end":{"line":51,"column":null}},"12":{"start":{"line":53,"column":1},"end":{"line":53,"column":null}},"13":{"start":{"line":58,"column":1},"end":{"line":58,"column":null}},"14":{"start":{"line":58,"column":24},"end":{"line":58,"column":null}},"15":{"start":{"line":59,"column":1},"end":{"line":59,"column":null}},"16":{"start":{"line":70,"column":15},"end":{"line":70,"column":null}},"17":{"start":{"line":71,"column":1},"end":{"line":73,"column":null}},"18":{"start":{"line":72,"column":2},"end":{"line":72,"column":null}},"19":{"start":{"line":74,"column":1},"end":{"line":74,"column":null}}},"fnMap":{"0":{"name":"sync","decl":{"start":{"line":21,"column":1},"end":{"line":21,"column":6}},"loc":{"start":{"line":21,"column":67},"end":{"line":24,"column":null}},"line":21},"1":{"name":"remaining","decl":{"start":{"line":27,"column":1},"end":{"line":27,"column":11}},"loc":{"start":{"line":27,"column":41},"end":{"line":30,"column":null}},"line":27},"2":{"name":"running","decl":{"start":{"line":32,"column":5},"end":{"line":32,"column":24}},"loc":{"start":{"line":32,"column":24},"end":{"line":34,"column":null}},"line":32},"3":{"name":"elapsed","decl":{"start":{"line":37,"column":1},"end":{"line":37,"column":9}},"loc":{"start":{"line":37,"column":40},"end":{"line":39,"column":null}},"line":37},"4":{"name":"formatClock","decl":{"start":{"line":43,"column":16},"end":{"line":43,"column":28}},"loc":{"start":{"line":43,"column":58},"end":{"line":54,"column":null}},"line":43},"5":{"name":"progress","decl":{"start":{"line":57,"column":16},"end":{"line":57,"column":25}},"loc":{"start":{"line":57,"column":81},"end":{"line":60,"column":null}},"line":57},"6":{"name":"parseMinutes","decl":{"start":{"line":69,"column":16},"end":{"line":69,"column":29}},"loc":{"start":{"line":69,"column":55},"end":{"line":75,"column":null}},"line":69}},"branchMap":{"0":{"loc":{"start":{"line":23,"column":3},"end":{"line":23,"column":null}},"type":"cond-expr","locations":[{"start":{"line":23,"column":31},"end":{"line":23,"column":38}},{"start":{"line":23,"column":38},"end":{"line":23,"column":null}}],"line":23},"1":{"loc":{"start":{"line":28,"column":2},"end":{"line":28,"column":null}},"type":"if","locations":[{"start":{"line":28,"column":2},"end":{"line":28,"column":null}},{"start":{},"end":{}}],"line":28},"2":{"loc":{"start":{"line":38,"column":9},"end":{"line":38,"column":null}},"type":"binary-expr","locations":[{"start":{"line":38,"column":9},"end":{"line":38,"column":35}},{"start":{"line":38,"column":35},"end":{"line":38,"column":null}}],"line":38},"3":{"loc":{"start":{"line":49,"column":47},"end":{"line":49,"column":66}},"type":"cond-expr","locations":[{"start":{"line":49,"column":59},"end":{"line":49,"column":63}},{"start":{"line":49,"column":63},"end":{"line":49,"column":66}}],"line":49},"4":{"loc":{"start":{"line":53,"column":8},"end":{"line":53,"column":null}},"type":"cond-expr","locations":[{"start":{"line":53,"column":20},"end":{"line":53,"column":43}},{"start":{"line":53,"column":43},"end":{"line":53,"column":null}}],"line":53},"5":{"loc":{"start":{"line":58,"column":1},"end":{"line":58,"column":null}},"type":"if","locations":[{"start":{"line":58,"column":1},"end":{"line":58,"column":null}},{"start":{},"end":{}}],"line":58},"6":{"loc":{"start":{"line":71,"column":1},"end":{"line":73,"column":null}},"type":"if","locations":[{"start":{"line":71,"column":1},"end":{"line":73,"column":null}},{"start":{},"end":{}}],"line":71},"7":{"loc":{"start":{"line":71,"column":5},"end":{"line":71,"column":75}},"type":"binary-expr","locations":[{"start":{"line":71,"column":5},"end":{"line":71,"column":24}},{"start":{"line":71,"column":24},"end":{"line":71,"column":50}},{"start":{"line":71,"column":50},"end":{"line":71,"column":75}}],"line":71},"8":{"loc":{"start":{"line":74,"column":15},"end":{"line":74,"column":28}},"type":"binary-expr","locations":[{"start":{"line":74,"column":15},"end":{"line":74,"column":27}},{"start":{"line":74,"column":27},"end":{"line":74,"column":28}}],"line":74},"9":{"loc":{"start":{"line":74,"column":44},"end":{"line":74,"column":57}},"type":"binary-expr","locations":[{"start":{"line":74,"column":44},"end":{"line":74,"column":56}},{"start":{"line":74,"column":56},"end":{"line":74,"column":57}}],"line":74}},"s":{"0":6,"1":7,"2":7,"3":2,"4":5,"5":3,"6":4,"7":8,"8":8,"9":8,"10":8,"11":8,"12":8,"13":6,"14":1,"15":5,"16":9,"17":9,"18":5,"19":4},"f":{"0":7,"1":7,"2":3,"3":4,"4":8,"5":6,"6":9},"b":{"0":[1,6],"1":[2,5],"2":[4,3],"3":[2,6],"4":[2,6],"5":[1,5],"6":[5,4],"7":[9,5,3],"8":[4,2],"9":[9,1]},"meta":{"lastBranch":10,"lastFunction":7,"lastStatement":20,"seen":{"s:13:35:13:Infinity":0,"f:21:1:21:6":0,"s:22:2:23:Infinity":1,"b:23:31:23:38:23:38:23:Infinity":0,"f:27:1:27:11":1,"b:28:2:28:Infinity:undefined:undefined:undefined:undefined":1,"s:28:2:28:Infinity":2,"s:28:30:28:Infinity":3,"s:29:2:29:Infinity":4,"f:32:5:32:24":2,"s:33:2:33:Infinity":5,"f:37:1:37:9":3,"s:38:2:38:Infinity":6,"b:38:9:38:35:38:35:38:Infinity":2,"f:43:16:43:28":4,"s:44:14:44:Infinity":7,"s:45:15:45:Infinity":8,"s:46:17:46:Infinity":9,"s:47:17:47:Infinity":10,"s:49:16:51:Infinity":11,"b:49:59:49:63:49:63:49:66":3,"s:53:1:53:Infinity":12,"b:53:20:53:43:53:43:53:Infinity":4,"f:57:16:57:25":5,"b:58:1:58:Infinity:undefined:undefined:undefined:undefined":5,"s:58:1:58:Infinity":13,"s:58:24:58:Infinity":14,"s:59:1:59:Infinity":15,"f:69:16:69:29":6,"s:70:15:70:Infinity":16,"b:71:1:73:Infinity:undefined:undefined:undefined:undefined":6,"s:71:1:73:Infinity":17,"b:71:5:71:24:71:24:71:50:71:50:71:75":7,"s:72:2:72:Infinity":18,"s:74:1:74:Infinity":19,"b:74:15:74:27:74:27:74:28":8,"b:74:44:74:56:74:56:74:57":9},"fnNames":{}}}
,"/Users/ilbumi/Documents/projects/timemd/frontend/src/lib/dates.ts": {"path":"/Users/ilbumi/Documents/projects/timemd/frontend/src/lib/dates.ts","statementMap":{"0":{"start":{"line":3,"column":17},"end":{"line":3,"column":null}},"1":{"start":{"line":12,"column":15},"end":{"line":12,"column":null}},"2":{"start":{"line":13,"column":1},"end":{"line":15,"column":null}},"3":{"start":{"line":14,"column":2},"end":{"line":14,"column":null}},"4":{"start":{"line":16,"column":1},"end":{"line":16,"column":null}},"5":{"start":{"line":21,"column":14},"end":{"line":21,"column":null}},"6":{"start":{"line":22,"column":15},"end":{"line":22,"column":null}},"7":{"start":{"line":23,"column":13},"end":{"line":23,"column":null}},"8":{"start":{"line":24,"column":1},"end":{"line":24,"column":null}},"9":{"start":{"line":28,"column":1},"end":{"line":28,"column":null}},"10":{"start":{"line":33,"column":14},"end":{"line":33,"column":null}},"11":{"start":{"line":34,"column":1},"end":{"line":34,"column":null}},"12":{"start":{"line":35,"column":1},"end":{"line":35,"column":null}},"13":{"start":{"line":40,"column":1},"end":{"line":40,"column":null}},"14":{"start":{"line":45,"column":1},"end":{"line":45,"column":null}},"15":{"start":{"line":45,"column":24},"end":{"line":45,"column":null}},"16":{"start":{"line":46,"column":1},"end":{"line":46,"column":null}},"17":{"start":{"line":46,"column":39},"end":{"line":46,"column":null}},"18":{"start":{"line":47,"column":1},"end":{"line":47,"column":null}},"19":{"start":{"line":47,"column":38},"end":{"line":47,"column":null}},"20":{"start":{"line":49,"column":1},"end":{"line":53,"column":null}},"21":{"start":{"line":59,"column":7},"end":{"line":59,"column":null}},"22":{"start":{"line":60,"column":1},"end":{"line":60,"column":null}},"23":{"start":{"line":65,"column":1},"end":{"line":65,"column":null}},"24":{"start":{"line":70,"column":14},"end":{"line":70,"column":null}},"25":{"start":{"line":72,"column":1},"end":{"line":72,"column":null}},"26":{"start":{"line":77,"column":14},"end":{"line":77,"column":null}},"27":{"start":{"line":78,"column":1},"end":{"line":78,"column":null}}},"fnMap":{"0":{"name":"parseIso","decl":{"start":{"line":11,"column":9},"end":{"line":11,"column":18}},"loc":{"start":{"line":11,"column":37},"end":{"line":17,"column":null}},"line":11},"1":{"name":"isoDate","decl":{"start":{"line":20,"column":16},"end":{"line":20,"column":24}},"loc":{"start":{"line":20,"column":44},"end":{"line":25,"column":null}},"line":20},"2":{"name":"today","decl":{"start":{"line":27,"column":16},"end":{"line":27,"column":32}},"loc":{"start":{"line":27,"column":32},"end":{"line":29,"column":null}},"line":27},"3":{"name":"shiftDays","decl":{"start":{"line":32,"column":16},"end":{"line":32,"column":26}},"loc":{"start":{"line":32,"column":61},"end":{"line":36,"column":null}},"line":32},"4":{"name":"clockTime","decl":{"start":{"line":39,"column":16},"end":{"line":39,"column":26}},"loc":{"start":{"line":39,"column":48},"end":{"line":41,"column":null}},"line":39},"5":{"name":"dayLabel","decl":{"start":{"line":44,"column":16},"end":{"line":44,"column":25}},"loc":{"start":{"line":44,"column":75},"end":{"line":54,"column":null}},"line":44},"6":{"name":"startOfWeek","decl":{"start":{"line":57,"column":16},"end":{"line":57,"column":28}},"loc":{"start":{"line":57,"column":49},"end":{"line":61,"column":null}},"line":57},"7":{"name":"startOfMonth","decl":{"start":{"line":64,"column":16},"end":{"line":64,"column":29}},"loc":{"start":{"line":64,"column":50},"end":{"line":66,"column":null}},"line":64},"8":{"name":"endOfMonth","decl":{"start":{"line":69,"column":16},"end":{"line":69,"column":27}},"loc":{"start":{"line":69,"column":48},"end":{"line":73,"column":null}},"line":69},"9":{"name":"shiftMonths","decl":{"start":{"line":76,"column":16},"end":{"line":76,"column":28}},"loc":{"start":{"line":76,"column":65},"end":{"line":79,"column":null}},"line":76}},"branchMap":{"0":{"loc":{"start":{"line":13,"column":1},"end":{"line":15,"column":null}},"type":"if","locations":[{"start":{"line":13,"column":1},"end":{"line":15,"column":null}},{"start":{},"end":{}}],"line":13},"1":{"loc":{"start":{"line":44,"column":38},"end":{"line":44,"column":75}},"type":"default-arg","locations":[{"start":{"line":44,"column":58},"end":{"line":44,"column":75}}],"line":44},"2":{"loc":{"start":{"line":45,"column":1},"end":{"line":45,"column":null}},"type":"if","locations":[{"start":{"line":45,"column":1},"end":{"line":45,"column":null}},{"start":{},"end":{}}],"line":45},"3":{"loc":{"start":{"line":46,"column":1},"end":{"line":46,"column":null}},"type":"if","locations":[{"start":{"line":46,"column":1},"end":{"line":46,"column":null}},{"start":{},"end":{}}],"line":46},"4":{"loc":{"start":{"line":47,"column":1},"end":{"line":47,"column":null}},"type":"if","locations":[{"start":{"line":47,"column":1},"end":{"line":47,"column":null}},{"start":{},"end":{}}],"line":47}},"s":{"0":1,"1":30,"2":30,"3":4,"4":26,"5":26,"6":26,"7":26,"8":26,"9":2,"10":19,"11":19,"12":19,"13":2,"14":5,"15":2,"16":3,"17":1,"18":2,"19":1,"20":1,"21":3,"22":3,"23":1,"24":3,"25":3,"26":4,"27":4},"f":{"0":30,"1":26,"2":2,"3":19,"4":2,"5":5,"6":3,"7":1,"8":3,"9":4},"b":{"0":[4,26],"1":[5],"2":[2,3],"3":[1,2],"4":[1,1]},"meta":{"lastBranch":5,"lastFunction":10,"lastStatement":28,"seen":{"s:3:17:3:Infinity":0,"f:11:9:11:18":0,"s:12:15:12:Infinity":1,"b:13:1:15:Infinity:undefined:undefined:undefined:undefined":0,"s:13:1:15:Infinity":2,"s:14:2:14:Infinity":3,"s:16:1:16:Infinity":4,"f:20:16:20:24":1,"s:21:14:21:Infinity":5,"s:22:15:22:Infinity":6,"s:23:13:23:Infinity":7,"s:24:1:24:Infinity":8,"f:27:16:27:32":2,"s:28:1:28:Infinity":9,"f:32:16:32:26":3,"s:33:14:33:Infinity":10,"s:34:1:34:Infinity":11,"s:35:1:35:Infinity":12,"f:39:16:39:26":4,"s:40:1:40:Infinity":13,"f:44:16:44:25":5,"b:44:58:44:75":1,"b:45:1:45:Infinity:undefined:undefined:undefined:undefined":2,"s:45:1:45:Infinity":14,"s:45:24:45:Infinity":15,"b:46:1:46:Infinity:undefined:undefined:undefined:undefined":3,"s:46:1:46:Infinity":16,"s:46:39:46:Infinity":17,"b:47:1:47:Infinity:undefined:undefined:undefined:undefined":4,"s:47:1:47:Infinity":18,"s:47:38:47:Infinity":19,"s:49:1:53:Infinity":20,"f:57:16:57:28":6,"s:59:7:59:Infinity":21,"s:60:1:60:Infinity":22,"f:64:16:64:29":7,"s:65:1:65:Infinity":23,"f:69:16:69:27":8,"s:70:14:70:Infinity":24,"s:72:1:72:Infinity":25,"f:76:16:76:28":9,"s:77:14:77:Infinity":26,"s:78:1:78:Infinity":27},"fnNames":{}}}
,"/Users/ilbumi/Documents/projects/timemd/frontend/src/lib/notifications.ts": {"path":"/Users/ilbumi/Documents/projects/timemd/frontend/src/lib/notifications.ts","statementMap":{"0":{"start":{"line":25,"column":16},"end":{"line":25,"column":null}},"1":{"start":{"line":26,"column":1},"end":{"line":26,"column":null}},"2":{"start":{"line":30,"column":1},"end":{"line":30,"column":null}},"3":{"start":{"line":35,"column":1},"end":{"line":35,"column":null}},"4":{"start":{"line":45,"column":17},"end":{"line":45,"column":null}},"5":{"start":{"line":46,"column":7},"end":{"line":46,"column":null}},"6":{"start":{"line":47,"column":13},"end":{"line":47,"column":null}},"7":{"start":{"line":51,"column":15},"end":{"line":51,"column":null}},"8":{"start":{"line":52,"column":1},"end":{"line":54,"column":null}},"9":{"start":{"line":52,"column":18},"end":{"line":52,"column":21}},"10":{"start":{"line":53,"column":2},"end":{"line":53,"column":null}},"11":{"start":{"line":55,"column":1},"end":{"line":55,"column":null}},"12":{"start":{"line":60,"column":1},"end":{"line":62,"column":null}},"13":{"start":{"line":61,"column":2},"end":{"line":61,"column":null}},"14":{"start":{"line":64,"column":20},"end":{"line":64,"column":null}},"15":{"start":{"line":65,"column":1},"end":{"line":67,"column":null}},"16":{"start":{"line":66,"column":2},"end":{"line":66,"column":null}},"17":{"start":{"line":69,"column":1},"end":{"line":92,"column":null}},"18":{"start":{"line":70,"column":23},"end":{"line":70,"column":null}},"19":{"start":{"line":71,"column":2},"end":{"line":71,"column":null}},"20":{"start":{"line":73,"column":24},"end":{"line":73,"column":null}},"21":{"start":{"line":74,"column":23},"end":{"line":77,"column":null}},"22":{"start":{"line":79,"column":15},"end":{"line":79,"column":null}},"23":{"start":{"line":80,"column":2},"end":{"line":82,"column":null}},"24":{"start":{"line":81,"column":3},"end":{"line":81,"column":null}},"25":{"start":{"line":84,"column":2},"end":{"line":88,"column":null}},"26":{"start":{"line":89,"column":2},"end":{"line":89,"column":null}},"27":{"start":{"line":91,"column":2},"end":{"line":91,"column":null}},"28":{"start":{"line":97,"column":1},"end":{"line":97,"column":null}},"29":{"start":{"line":97,"column":21},"end":{"line":97,"column":null}},"30":{"start":{"line":98,"column":22},"end":{"line":98,"column":null}},"31":{"start":{"line":99,"column":1},"end":{"line":99,"column":null}},"32":{"start":{"line":99,"column":20},"end":{"line":99,"column":null}},"33":{"start":{"line":100,"column":1},"end":{"line":100,"column":null}}},"fnMap":{"0":{"name":"isStandalone","decl":{"start":{"line":22,"column":16},"end":{"line":22,"column":40}},"loc":{"start":{"line":22,"column":40},"end":{"line":27,"column":null}},"line":22},"1":{"name":"isIos","decl":{"start":{"line":29,"column":16},"end":{"line":29,"column":33}},"loc":{"start":{"line":29,"column":33},"end":{"line":31,"column":null}},"line":29},"2":{"name":"isSupported","decl":{"start":{"line":34,"column":16},"end":{"line":34,"column":39}},"loc":{"start":{"line":34,"column":39},"end":{"line":36,"column":null}},"line":34},"3":{"name":"urlBase64ToUint8Array","decl":{"start":{"line":44,"column":16},"end":{"line":44,"column":38}},"loc":{"start":{"line":44,"column":82},"end":{"line":56,"column":null}},"line":44},"4":{"name":"enablePush","decl":{"start":{"line":59,"column":22},"end":{"line":59,"column":57}},"loc":{"start":{"line":59,"column":57},"end":{"line":93,"column":null}},"line":59},"5":{"name":"isSubscribed","decl":{"start":{"line":96,"column":22},"end":{"line":96,"column":55}},"loc":{"start":{"line":96,"column":55},"end":{"line":101,"column":null}},"line":96}},"branchMap":{"0":{"loc":{"start":{"line":26,"column":8},"end":{"line":26,"column":null}},"type":"binary-expr","locations":[{"start":{"line":26,"column":8},"end":{"line":26,"column":67}},{"start":{"line":26,"column":67},"end":{"line":26,"column":null}}],"line":26},"1":{"loc":{"start":{"line":35,"column":8},"end":{"line":35,"column":null}},"type":"binary-expr","locations":[{"start":{"line":35,"column":8},"end":{"line":35,"column":40}},{"start":{"line":35,"column":40},"end":{"line":35,"column":67}},{"start":{"line":35,"column":67},"end":{"line":35,"column":null}}],"line":35},"2":{"loc":{"start":{"line":60,"column":1},"end":{"line":62,"column":null}},"type":"if","locations":[{"start":{"line":60,"column":1},"end":{"line":62,"column":null}},{"start":{},"end":{}}],"line":60},"3":{"loc":{"start":{"line":61,"column":9},"end":{"line":61,"column":null}},"type":"cond-expr","locations":[{"start":{"line":61,"column":38},"end":{"line":61,"column":56}},{"start":{"line":61,"column":56},"end":{"line":61,"column":null}}],"line":61},"4":{"loc":{"start":{"line":61,"column":9},"end":{"line":61,"column":38}},"type":"binary-expr","locations":[{"start":{"line":61,"column":9},"end":{"line":61,"column":20}},{"start":{"line":61,"column":20},"end":{"line":61,"column":38}}],"line":61},"5":{"loc":{"start":{"line":65,"column":1},"end":{"line":67,"column":null}},"type":"if","locations":[{"start":{"line":65,"column":1},"end":{"line":67,"column":null}},{"start":{},"end":{}}],"line":65},"6":{"loc":{"start":{"line":80,"column":2},"end":{"line":82,"column":null}},"type":"if","locations":[{"start":{"line":80,"column":2},"end":{"line":82,"column":null}},{"start":{},"end":{}}],"line":80},"7":{"loc":{"start":{"line":80,"column":6},"end":{"line":80,"column":63}},"type":"binary-expr","locations":[{"start":{"line":80,"column":6},"end":{"line":80,"column":24}},{"start":{"line":80,"column":24},"end":{"line":80,"column":46}},{"start":{"line":80,"column":46},"end":{"line":80,"column":63}}],"line":80},"8":{"loc":{"start":{"line":97,"column":1},"end":{"line":97,"column":null}},"type":"if","locations":[{"start":{"line":97,"column":1},"end":{"line":97,"column":null}},{"start":{},"end":{}}],"line":97},"9":{"loc":{"start":{"line":99,"column":1},"end":{"line":99,"column":null}},"type":"if","locations":[{"start":{"line":99,"column":1},"end":{"line":99,"column":null}},{"start":{},"end":{}}],"line":99}},"s":{"0":4,"1":4,"2":4,"3":11,"4":7,"5":7,"6":7,"7":7,"8":7,"9":7,"10":87,"11":7,"12":6,"13":2,"14":4,"15":4,"16":1,"17":3,"18":3,"19":3,"20":3,"21":3,"22":2,"23":2,"24":1,"25":1,"26":1,"27":1,"28":3,"29":1,"30":2,"31":2,"32":0,"33":2},"f":{"0":4,"1":4,"2":11,"3":7,"4":6,"5":3},"b":{"0":[4,3],"1":[11,7,7],"2":[2,4],"3":[1,1],"4":[2,1],"5":[1,3],"6":[1,1],"7":[2,2,1],"8":[1,2],"9":[0,2]},"meta":{"lastBranch":10,"lastFunction":6,"lastStatement":34,"seen":{"f:22:16:22:40":0,"s:25:16:25:Infinity":0,"s:26:1:26:Infinity":1,"b:26:8:26:67:26:67:26:Infinity":0,"f:29:16:29:33":1,"s:30:1:30:Infinity":2,"f:34:16:34:39":2,"s:35:1:35:Infinity":3,"b:35:8:35:40:35:40:35:67:35:67:35:Infinity":1,"f:44:16:44:38":3,"s:45:17:45:Infinity":4,"s:46:7:46:Infinity":5,"s:47:13:47:Infinity":6,"s:51:15:51:Infinity":7,"s:52:1:54:Infinity":8,"s:52:18:52:21":9,"s:53:2:53:Infinity":10,"s:55:1:55:Infinity":11,"f:59:22:59:57":4,"b:60:1:62:Infinity:undefined:undefined:undefined:undefined":2,"s:60:1:62:Infinity":12,"s:61:2:61:Infinity":13,"b:61:38:61:56:61:56:61:Infinity":3,"b:61:9:61:20:61:20:61:38":4,"s:64:20:64:Infinity":14,"b:65:1:67:Infinity:undefined:undefined:undefined:undefined":5,"s:65:1:67:Infinity":15,"s:66:2:66:Infinity":16,"s:69:1:92:Infinity":17,"s:70:23:70:Infinity":18,"s:71:2:71:Infinity":19,"s:73:24:73:Infinity":20,"s:74:23:77:Infinity":21,"s:79:15:79:Infinity":22,"b:80:2:82:Infinity:undefined:undefined:undefined:undefined":6,"s:80:2:82:Infinity":23,"b:80:6:80:24:80:24:80:46:80:46:80:63":7,"s:81:3:81:Infinity":24,"s:84:2:88:Infinity":25,"s:89:2:89:Infinity":26,"s:91:2:91:Infinity":27,"f:96:22:96:55":5,"b:97:1:97:Infinity:undefined:undefined:undefined:undefined":8,"s:97:1:97:Infinity":28,"s:97:21:97:Infinity":29,"s:98:22:98:Infinity":30,"b:99:1:99:Infinity:undefined:undefined:undefined:undefined":9,"s:99:1:99:Infinity":31,"s:99:20:99:Infinity":32,"s:100:1:100:Infinity":33},"fnNames":{}}}
}
