{"/Users/ilbumi/Documents/projects/timemd/frontend/src/lib/api.ts": {"path":"/Users/ilbumi/Documents/projects/timemd/frontend/src/lib/api.ts","statementMap":{"0":{"start":{"line":67,"column":2},"end":{"line":67,"column":null}},"1":{"start":{"line":68,"column":2},"end":{"line":68,"column":null}},"2":{"start":{"line":69,"column":2},"end":{"line":69,"column":null}},"3":{"start":{"line":79,"column":1},"end":{"line":89,"column":null}},"4":{"start":{"line":80,"column":2},"end":{"line":84,"column":null}},"5":{"start":{"line":88,"column":2},"end":{"line":88,"column":null}},"6":{"start":{"line":91,"column":1},"end":{"line":93,"column":null}},"7":{"start":{"line":92,"column":2},"end":{"line":92,"column":null}},"8":{"start":{"line":96,"column":18},"end":{"line":96,"column":null}},"9":{"start":{"line":96,"column":52},"end":{"line":96,"column":56}},"10":{"start":{"line":98,"column":1},"end":{"line":101,"column":null}},"11":{"start":{"line":99,"column":18},"end":{"line":99,"column":null}},"12":{"start":{"line":100,"column":2},"end":{"line":100,"column":null}},"13":{"start":{"line":103,"column":1},"end":{"line":103,"column":null}},"14":{"start":{"line":106,"column":19},"end":{"line":129,"column":null}},"15":{"start":{"line":107,"column":41},"end":{"line":107,"column":null}},"16":{"start":{"line":110,"column":2},"end":{"line":110,"column":null}},"17":{"start":{"line":113,"column":2},"end":{"line":113,"column":null}},"18":{"start":{"line":116,"column":2},"end":{"line":116,"column":null}},"19":{"start":{"line":119,"column":2},"end":{"line":119,"column":null}},"20":{"start":{"line":121,"column":39},"end":{"line":121,"column":null}},"21":{"start":{"line":124,"column":2},"end":{"line":124,"column":null}},"22":{"start":{"line":126,"column":41},"end":{"line":126,"column":null}},"23":{"start":{"line":128,"column":43},"end":{"line":128,"column":null}}},"fnMap":{"0":{"name":"constructor","decl":{"start":{"line":66,"column":1},"end":{"line":66,"column":13}},"loc":{"start":{"line":66,"column":46},"end":{"line":70,"column":null}},"line":66},"1":{"name":"request","decl":{"start":{"line":77,"column":15},"end":{"line":77,"column":26}},"loc":{"start":{"line":77,"column":86},"end":{"line":104,"column":null}},"line":77},"2":{"name":"(anonymous_2)","decl":{"start":{"line":96,"column":40},"end":{"line":96,"column":52}},"loc":{"start":{"line":96,"column":52},"end":{"line":96,"column":56}},"line":96},"3":{"name":"(anonymous_3)","decl":{"start":{"line":107,"column":1},"end":{"line":107,"column":41}},"loc":{"start":{"line":107,"column":41},"end":{"line":107,"column":null}},"line":107},"4":{"name":"(anonymous_4)","decl":{"start":{"line":109,"column":1},"end":{"line":109,"column":17}},"loc":{"start":{"line":110,"column":2},"end":{"line":110,"column":null}},"line":110},"5":{"name":"(anonymous_5)","decl":{"start":{"line":112,"column":1},"end":{"line":112,"column":15}},"loc":{"start":{"line":113,"column":2},"end":{"line":113,"column":null}},"line":113},"6":{"name":"(anonymous_6)","decl":{"start":{"line":115,"column":1},"end":{"line":115,"column":17}},"loc":{"start":{"line":116,"column":2},"end":{"line":116,"column":null}},"line":116},"7":{"name":"(anonymous_7)","decl":{"start":{"line":118,"column":1},"end":{"line":118,"column":17}},"loc":{"start":{"line":119,"column":2},"end":{"line":119,"column":null}},"line":119},"8":{"name":"(anonymous_8)","decl":{"start":{"line":121,"column":1},"end":{"line":121,"column":39}},"loc":{"start":{"line":121,"column":39},"end":{"line":121,"column":null}},"line":121},"9":{"name":"(anonymous_9)","decl":{"start":{"line":123,"column":1},"end":{"line":123,"column":16}},"loc":{"start":{"line":124,"column":2},"end":{"line":124,"column":null}},"line":124},"10":{"name":"(anonymous_10)","decl":{"start":{"line":126,"column":1},"end":{"line":126,"column":41}},"loc":{"start":{"line":126,"column":41},"end":{"line":126,"column":null}},"line":126},"11":{"name":"(anonymous_11)","decl":{"start":{"line":128,"column":1},"end":{"line":128,"column":43}},"loc":{"start":{"line":128,"column":43},"end":{"line":128,"column":null}},"line":128}},"branchMap":{"0":{"loc":{"start":{"line":82,"column":12},"end":{"line":82,"column":null}},"type":"cond-expr","locations":[{"start":{"line":82,"column":33},"end":{"line":82,"column":45}},{"start":{"line":82,"column":45},"end":{"line":82,"column":null}}],"line":82},"1":{"loc":{"start":{"line":83,"column":9},"end":{"line":83,"column":null}},"type":"cond-expr","locations":[{"start":{"line":83,"column":30},"end":{"line":83,"column":42}},{"start":{"line":83,"column":42},"end":{"line":83,"column":null}}],"line":83},"2":{"loc":{"start":{"line":91,"column":1},"end":{"line":93,"column":null}},"type":"if","locations":[{"start":{"line":91,"column":1},"end":{"line":93,"column":null}},{"start":{},"end":{}}],"line":91},"3":{"loc":{"start":{"line":98,"column":1},"end":{"line":101,"column":null}},"type":"if","locations":[{"start":{"line":98,"column":1},"end":{"line":101,"column":null}},{"start":{},"end":{}}],"line":98},"4":{"loc":{"start":{"line":99,"column":18},"end":{"line":99,"column":null}},"type":"binary-expr","locations":[{"start":{"line":99,"column":18},"end":{"line":99,"column":36}},{"start":{"line":99,"column":36},"end":{"line":99,"column":null}}],"line":99}},"s":{"0":3,"1":3,"2":3,"3":12,"4":12,"5":1,"6":11,"7":1,"8":10,"9":0,"10":10,"11":2,"12":2,"13":8,"14":1,"15":3,"16":2,"17":1,"18":1,"19":1,"20":1,"21":1,"22":1,"23":1},"f":{"0":3,"1":12,"2":0,"3":3,"4":2,"5":1,"6":1,"7":1,"8":1,"9":1,"10":1,"11":1},"b":{"0":[6,6],"1":[6,6],"2":[1,10],"3":[2,8],"4":[2,1]},"meta":{"lastBranch":5,"lastFunction":12,"lastStatement":24,"seen":{"f:66:1:66:13":0,"s:67:2:67:Infinity":0,"s:68:2:68:Infinity":1,"s:69:2:69:Infinity":2,"f:77:15:77:26":1,"s:79:1:89:Infinity":3,"s:80:2:84:Infinity":4,"b:82:33:82:45:82:45:82:Infinity":0,"b:83:30:83:42:83:42:83:Infinity":1,"s:88:2:88:Infinity":5,"b:91:1:93:Infinity:undefined:undefined:undefined:undefined":2,"s:91:1:93:Infinity":6,"s:92:2:92:Infinity":7,"s:96:18:96:Infinity":8,"f:96:40:96:52":2,"s:96:52:96:56":9,"b:98:1:101:Infinity:undefined:undefined:undefined:undefined":3,"s:98:1:101:Infinity":10,"s:99:18:99:Infinity":11,"b:99:18:99:36:99:36:99:Infinity":4,"s:100:2:100:Infinity":12,"s:103:1:103:Infinity":13,"s:106:19:129:Infinity":14,"f:107:1:107:41":3,"s:107:41:107:Infinity":15,"f:109:1:109:17":4,"s:110:2:110:Infinity":16,"f:112:1:112:15":5,"s:113:2:113:Infinity":17,"f:115:1:115:17":6,"s:116:2:116:Infinity":18,"f:118:1:118:17":7,"s:119:2:119:Infinity":19,"f:121:1:121:39":8,"s:121:39:121:Infinity":20,"f:123:1:123:16":9,"s:124:2:124:Infinity":21,"f:126:1:126:41":10,"s:126:41:126:Infinity":22,"f:128:1:128:43":11,"s:128:43:128:Infinity":23},"fnNames":{}}}
,"/Users/ilbumi/Documents/projects/timemd/frontend/src/lib/countdown.ts": {"path":"/Users/ilbumi/Documents/projects/timemd/frontend/src/lib/countdown.ts","statementMap":{"0":{"start":{"line":13,"column":35},"end":{"line":13,"column":null}},"1":{"start":{"line":22,"column":2},"end":{"line":23,"column":null}},"2":{"start":{"line":28,"column":2},"end":{"line":28,"column":null}},"3":{"start":{"line":28,"column":30},"end":{"line":28,"column":null}},"4":{"start":{"line":29,"column":2},"end":{"line":29,"column":null}},"5":{"start":{"line":33,"column":2},"end":{"line":33,"column":null}},"6":{"start":{"line":38,"column":2},"end":{"line":38,"column":null}},"7":{"start":{"line":44,"column":14},"end":{"line":44,"column":null}},"8":{"start":{"line":45,"column":15},"end":{"line":45,"column":null}},"9":{"start":{"line":46,"column":17},"end":{"line":46,"column":null}},"10":{"start":{"line":47,"column":17},"end":{"line":47,"column":null}},"11":{"start":{"line":49,"column":16},"end":{"line":51,"column":null}},"12":{"start":{"line":53,"column":1},"end":{"line":53,"column":null}},"13":{"start":{"line":58,"column":1},"end":{"line":58,"column":null}},"14":{"start":{"line":58,"column":24},"end":{"line":58,"column":null}},"15":{"start":{"line":59,"column":1},"end":{"line":59,"column":null}}},"fnMap":{"0":{"name":"sync","decl":{"start":{"line":21,"column":1},"end":{"line":21,"column":6}},"loc":{"start":{"line":21,"column":67},"end":{"line":24,"column":null}},"line":21},"1":{"name":"remaining","decl":{"start":{"line":27,"column":1},"end":{"line":27,"column":11}},"loc":{"start":{"line":27,"column":41},"end":{"line":30,"column":null}},"line":27},"2":{"name":"running","decl":{"start":{"line":32,"column":5},"end":{"line":32,"column":24}},"loc":{"start":{"line":32,"column":24},"end":{"line":34,"column":null}},"line":32},"3":{"name":"elapsed","decl":{"start":{"line":37,"column":1},"end":{"line":37,"column":9}},"loc":{"start":{"line":37,"column":40},"end":{"line":39,"column":null}},"line":37},"4":{"name":"formatClock","decl":{"start":{"line":43,"column":16},"end":{"line":43,"column":28}},"loc":{"start":{"line":43,"column":58},"end":{"line":54,"column":null}},"line":43},"5":{"name":"progress","decl":{"start":{"line":57,"column":16},"end":{"line":57,"column":25}},"loc":{"start":{"line":57,"column":81},"end":{"line":60,"column":null}},"line":57}},"branchMap":{"0":{"loc":{"start":{"line":23,"column":3},"end":{"line":23,"column":null}},"type":"cond-expr","locations":[{"start":{"line":23,"column":31},"end":{"line":23,"column":38}},{"start":{"line":23,"column":38},"end":{"line":23,"column":null}}],"line":23},"1":{"loc":{"start":{"line":28,"column":2},"end":{"line":28,"column":null}},"type":"if","locations":[{"start":{"line":28,"column":2},"end":{"line":28,"column":null}},{"start":{},"end":{}}],"line":28},"2":{"loc":{"start":{"line":38,"column":9},"end":{"line":38,"column":null}},"type":"binary-expr","locations":[{"start":{"line":38,"column":9},"end":{"line":38,"column":35}},{"start":{"line":38,"column":35},"end":{"line":38,"column":null}}],"line":38},"3":{"loc":{"start":{"line":49,"column":47},"end":{"line":49,"column":66}},"type":"cond-expr","locations":[{"start":{"line":49,"column":59},"end":{"line":49,"column":63}},{"start":{"line":49,"column":63},"end":{"line":49,"column":66}}],"line":49},"4":{"loc":{"start":{"line":53,"column":8},"end":{"line":53,"column":null}},"type":"cond-expr","locations":[{"start":{"line":53,"column":20},"end":{"line":53,"column":43}},{"start":{"line":53,"column":43},"end":{"line":53,"column":null}}],"line":53},"5":{"loc":{"start":{"line":58,"column":1},"end":{"line":58,"column":null}},"type":"if","locations":[{"start":{"line":58,"column":1},"end":{"line":58,"column":null}},{"start":{},"end":{}}],"line":58}},"s":{"0":6,"1":7,"2":7,"3":2,"4":5,"5":3,"6":4,"7":8,"8":8,"9":8,"10":8,"11":8,"12":8,"13":6,"14":1,"15":5},"f":{"0":7,"1":7,"2":3,"3":4,"4":8,"5":6},"b":{"0":[1,6],"1":[2,5],"2":[4,3],"3":[2,6],"4":[2,6],"5":[1,5]},"meta":{"lastBranch":6,"lastFunction":6,"lastStatement":16,"seen":{"s:13:35:13:Infinity":0,"f:21:1:21:6":0,"s:22:2:23:Infinity":1,"b:23:31:23:38:23:38:23:Infinity":0,"f:27:1:27:11":1,"b:28:2:28:Infinity:undefined:undefined:undefined:undefined":1,"s:28:2:28:Infinity":2,"s:28:30:28:Infinity":3,"s:29:2:29:Infinity":4,"f:32:5:32:24":2,"s:33:2:33:Infinity":5,"f:37:1:37:9":3,"s:38:2:38:Infinity":6,"b:38:9:38:35:38:35:38:Infinity":2,"f:43:16:43:28":4,"s:44:14:44:Infinity":7,"s:45:15:45:Infinity":8,"s:46:17:46:Infinity":9,"s:47:17:47:Infinity":10,"s:49:16:51:Infinity":11,"b:49:59:49:63:49:63:49:66":3,"s:53:1:53:Infinity":12,"b:53:20:53:43:53:43:53:Infinity":4,"f:57:16:57:25":5,"b:58:1:58:Infinity:undefined:undefined:undefined:undefined":5,"s:58:1:58:Infinity":13,"s:58:24:58:Infinity":14,"s:59:1:59:Infinity":15},"fnNames":{}}}
}
